
> web@0.1.0 build
> next build

▲ Next.js 16.1.1 (Turbopack)

  Creating an optimized production build ...
Turbopack build encountered 1 warnings:
./apps/web/app/api/upload/route.ts:64:14
Next.js can't recognize the exported `config` field in route. Page config in `config` is deprecated and ignored, use individual exports instead.
[0m [90m 62 |[39m
 [90m 63 |[39m [90m// Disable body parser for file uploads[39m
[31m[1m>[22m[39m[90m 64 |[39m [36mexport[39m [36mconst[39m config [33m=[39m {
 [90m    |[39m              [31m[1m^[22m[39m[31m[1m^[22m[39m[31m[1m^[22m[39m[31m[1m^[22m[39m[31m[1m^[22m[39m[31m[1m^[22m[39m
 [90m 65 |[39m     api[33m:[39m {
 [90m 66 |[39m         bodyParser[33m:[39m [36mfalse[39m[33m,[39m
 [90m 67 |[39m     }[33m,[39m[0m

The exported configuration object in a source file needs to have a very specific format from which some properties can be statically parsed at compiled-time.

https://nextjs.org/docs/app/api-reference/file-conventions/route-segment-config



> Build error occurred
Error: Turbopack build failed with 26 errors:
./packages/db/src/index.ts:3:1
Module not found: Can't resolve './client.js'
[0m [90m 1 |[39m [36mexport[39m [33m*[39m [36mfrom[39m [32m'./schema.js'[39m[33m;[39m
 [90m 2 |[39m [36mexport[39m [33m*[39m [36mfrom[39m [32m'./db.js'[39m[33m;[39m
[31m[1m>[22m[39m[90m 3 |[39m [36mexport[39m [33m*[39m [36mfrom[39m [32m'./client.js'[39m[33m;[39m
 [90m   |[39m [31m[1m^[22m[39m[31m[1m^[22m[39m[31m[1m^[22m[39m[31m[1m^[22m[39m[31m[1m^[22m[39m[31m[1m^[22m[39m[31m[1m^[22m[39m[31m[1m^[22m[39m[31m[1m^[22m[39m[31m[1m^[22m[39m[31m[1m^[22m[39m[31m[1m^[22m[39m[31m[1m^[22m[39m[31m[1m^[22m[39m[31m[1m^[22m[39m[31m[1m^[22m[39m[31m[1m^[22m[39m[31m[1m^[22m[39m[31m[1m^[22m[39m[31m[1m^[22m[39m[31m[1m^[22m[39m[31m[1m^[22m[39m[31m[1m^[22m[39m[31m[1m^[22m[39m[31m[1m^[22m[39m[31m[1m^[22m[39m[31m[1m^[22m[39m[31m[1m^[22m[39m
 [90m 4 |[39m[0m



Import traces:
  #1 [App Route]:
    ./packages/db/src/index.ts
    ./apps/web/lib/auth.ts
    ./apps/web/app/api/auth/[...all]/route.ts

  #2 [App Route]:
    ./packages/db/src/index.ts
    ./apps/web/lib/db.ts
    ./apps/web/app/api/blogs/route.ts

https://nextjs.org/docs/messages/module-not-found


./packages/db/src/index.ts:2:1
Module not found: Can't resolve './db.js'
[0m [90m 1 |[39m [36mexport[39m [33m*[39m [36mfrom[39m [32m'./schema.js'[39m[33m;[39m
[31m[1m>[22m[39m[90m 2 |[39m [36mexport[39m [33m*[39m [36mfrom[39m [32m'./db.js'[39m[33m;[39m
 [90m   |[39m [31m[1m^[22m[39m[31m[1m^[22m[39m[31m[1m^[22m[39m[31m[1m^[22m[39m[31m[1m^[22m[39m[31m[1m^[22m[39m[31m[1m^[22m[39m[31m[1m^[22m[39m[31m[1m^[22m[39m[31m[1m^[22m[39m[31m[1m^[22m[39m[31m[1m^[22m[39m[31m[1m^[22m[39m[31m[1m^[22m[39m[31m[1m^[22m[39m[31m[1m^[22m[39m[31m[1m^[22m[39m[31m[1m^[22m[39m[31m[1m^[22m[39m[31m[1m^[22m[39m[31m[1m^[22m[39m[31m[1m^[22m[39m[31m[1m^[22m[39m[31m[1m^[22m[39m
 [90m 3 |[39m [36mexport[39m [33m*[39m [36mfrom[39m [32m'./client.js'[39m[33m;[39m
 [90m 4 |[39m[0m



Import traces:
  #1 [App Route]:
    ./packages/db/src/index.ts
    ./apps/web/lib/auth.ts
    ./apps/web/app/api/auth/[...all]/route.ts

  #2 [App Route]:
    ./packages/db/src/index.ts
    ./apps/web/lib/db.ts
    ./apps/web/app/api/blogs/route.ts

https://nextjs.org/docs/messages/module-not-found


./packages/db/src/index.ts:1:1
Module not found: Can't resolve './schema.js'
[0m[31m[1m>[22m[39m[90m 1 |[39m [36mexport[39m [33m*[39m [36mfrom[39m [32m'./schema.js'[39m[33m;[39m
 [90m   |[39m [31m[1m^[22m[39m[31m[1m^[22m[39m[31m[1m^[22m[39m[31m[1m^[22m[39m[31m[1m^[22m[39m[31m[1m^[22m[39m[31m[1m^[22m[39m[31m[1m^[22m[39m[31m[1m^[22m[39m[31m[1m^[22m[39m[31m[1m^[22m[39m[31m[1m^[22m[39m[31m[1m^[22m[39m[31m[1m^[22m[39m[31m[1m^[22m[39m[31m[1m^[22m[39m[31m[1m^[22m[39m[31m[1m^[22m[39m[31m[1m^[22m[39m[31m[1m^[22m[39m[31m[1m^[22m[39m[31m[1m^[22m[39m[31m[1m^[22m[39m[31m[1m^[22m[39m[31m[1m^[22m[39m[31m[1m^[22m[39m[31m[1m^[22m[39m[31m[1m^[22m[39m
 [90m 2 |[39m [36mexport[39m [33m*[39m [36mfrom[39m [32m'./db.js'[39m[33m;[39m
 [90m 3 |[39m [36mexport[39m [33m*[39m [36mfrom[39m [32m'./client.js'[39m[33m;[39m
 [90m 4 |[39m[0m



Import traces:
  #1 [App Route]:
    ./packages/db/src/index.ts
    ./apps/web/lib/auth.ts
    ./apps/web/app/api/auth/[...all]/route.ts

  #2 [App Route]:
    ./packages/db/src/index.ts
    ./apps/web/lib/db.ts
    ./apps/web/app/api/blogs/route.ts

https://nextjs.org/docs/messages/module-not-found


./apps/web/lib/auth.ts:3:1
Export accounts doesn't exist in target module
[0m [90m 1 |[39m [36mimport[39m { betterAuth } [36mfrom[39m [32m"better-auth"[39m[33m;[39m
 [90m 2 |[39m [36mimport[39m { drizzleAdapter } [36mfrom[39m [32m"better-auth/adapters/drizzle"[39m[33m;[39m
[31m[1m>[22m[39m[90m 3 |[39m [36mimport[39m { db[33m,[39m users[33m,[39m sessions[33m,[39m accounts[33m,[39m verifications } [36mfrom[39m [32m"@repo/db"[39m[33m;[39m
 [90m   |[39m [31m[1m^[22m[39m[31m[1m^[22m[39m[31m[1m^[22m[39m[31m[1m^[22m[39m[31m[1m^[22m[39m[31m[1m^[22m[39m[31m[1m^[22m[39m[31m[1m^[22m[39m[31m[1m^[22m[39m[31m[1m^[22m[39m[31m[1m^[22m[39m[31m[1m^[22m[39m[31m[1m^[22m[39m[31m[1m^[22m[39m[31m[1m^[22m[39m[31m[1m^[22m[39m[31m[1m^[22m[39m[31m[1m^[22m[39m[31m[1m^[22m[39m[31m[1m^[22m[39m[31m[1m^[22m[39m[31m[1m^[22m[39m[31m[1m^[22m[39m[31m[1m^[22m[39m[31m[1m^[22m[39m[31m[1m^[22m[39m[31m[1m^[22m[39m[31m[1m^[22m[39m[31m[1m^[22m[39m[31m[1m^[22m[39m[31m[1m^[22m[39m[31m[1m^[22m[39m[31m[1m^[22m[39m[31m[1m^[22m[39m[31m[1m^[22m[39m[31m[1m^[22m[39m[31m[1m^[22m[39m[31m[1m^[22m[39m[31m[1m^[22m[39m[31m[1m^[22m[39m[31m[1m^[22m[39m[31m[1m^[22m[39m[31m[1m^[22m[39m[31m[1m^[22m[39m[31m[1m^[22m[39m[31m[1m^[22m[39m[31m[1m^[22m[39m[31m[1m^[22m[39m[31m[1m^[22m[39m[31m[1m^[22m[39m[31m[1m^[22m[39m[31m[1m^[22m[39m[31m[1m^[22m[39m[31m[1m^[22m[39m[31m[1m^[22m[39m[31m[1m^[22m[39m[31m[1m^[22m[39m[31m[1m^[22m[39m[31m[1m^[22m[39m[31m[1m^[22m[39m[31m[1m^[22m[39m[31m[1m^[22m[39m[31m[1m^[22m[39m[31m[1m^[22m[39m[31m[1m^[22m[39m[31m[1m^[22m[39m[31m[1m^[22m[39m[31m[1m^[22m[39m[31m[1m^[22m[39m[31m[1m^[22m[39m[31m[1m^[22m[39m[31m[1m^[22m[39m
 [90m 4 |[39m
 [90m 5 |[39m [90m// Determine base URL based on environment[39m
 [90m 6 |[39m [36mconst[39m getBaseURL [33m=[39m () [33m=>[39m {[0m

The export accounts was not found in module [project]/packages/db/src/index.ts [app-route] (ecmascript).
The module has no exports at all.
All exports of the module are statically known (It doesn't have dynamic exports). So it's known statically that the requested export doesn't exist.

Import trace:
  App Route:
    ./apps/web/lib/auth.ts
    ./apps/web/app/api/auth/[...all]/route.ts


./apps/web/app/api/blogs/[slug]/route.ts:2:1
Export blogs doesn't exist in target module
[0m [90m 1 |[39m [36mimport[39m { [33mNextRequest[39m[33m,[39m [33mNextResponse[39m } [36mfrom[39m [32m'next/server'[39m[33m;[39m
[31m[1m>[22m[39m[90m 2 |[39m [36mimport[39m { db[33m,[39m blogs } [36mfrom[39m [32m'@/lib/db'[39m[33m;[39m
 [90m   |[39m [31m[1m^[22m[39m[31m[1m^[22m[39m[31m[1m^[22m[39m[31m[1m^[22m[39m[31m[1m^[22m[39m[31m[1m^[22m[39m[31m[1m^[22m[39m[31m[1m^[22m[39m[31m[1m^[22m[39m[31m[1m^[22m[39m[31m[1m^[22m[39m[31m[1m^[22m[39m[31m[1m^[22m[39m[31m[1m^[22m[39m[31m[1m^[22m[39m[31m[1m^[22m[39m[31m[1m^[22m[39m[31m[1m^[22m[39m[31m[1m^[22m[39m[31m[1m^[22m[39m[31m[1m^[22m[39m[31m[1m^[22m[39m[31m[1m^[22m[39m[31m[1m^[22m[39m[31m[1m^[22m[39m[31m[1m^[22m[39m[31m[1m^[22m[39m[31m[1m^[22m[39m[31m[1m^[22m[39m[31m[1m^[22m[39m[31m[1m^[22m[39m[31m[1m^[22m[39m[31m[1m^[22m[39m[31m[1m^[22m[39m[31m[1m^[22m[39m[31m[1m^[22m[39m[31m[1m^[22m[39m
 [90m 3 |[39m [36mimport[39m { eq } [36mfrom[39m [32m'drizzle-orm'[39m[33m;[39m
 [90m 4 |[39m
 [90m 5 |[39m [90m// GET /api/blogs/[slug] - Get blog by slug[39m[0m

The export blogs was not found in module [project]/apps/web/lib/db.ts [app-route] (ecmascript).
The module has no exports at all.
All exports of the module are statically known (It doesn't have dynamic exports). So it's known statically that the requested export doesn't exist.


./apps/web/app/api/blogs/id/[id]/route.ts:2:1
Export blogs doesn't exist in target module
[0m [90m 1 |[39m [36mimport[39m { [33mNextRequest[39m[33m,[39m [33mNextResponse[39m } [36mfrom[39m [32m'next/server'[39m[33m;[39m
[31m[1m>[22m[39m[90m 2 |[39m [36mimport[39m { db[33m,[39m blogs } [36mfrom[39m [32m'@/lib/db'[39m[33m;[39m
 [90m   |[39m [31m[1m^[22m[39m[31m[1m^[22m[39m[31m[1m^[22m[39m[31m[1m^[22m[39m[31m[1m^[22m[39m[31m[1m^[22m[39m[31m[1m^[22m[39m[31m[1m^[22m[39m[31m[1m^[22m[39m[31m[1m^[22m[39m[31m[1m^[22m[39m[31m[1m^[22m[39m[31m[1m^[22m[39m[31m[1m^[22m[39m[31m[1m^[22m[39m[31m[1m^[22m[39m[31m[1m^[22m[39m[31m[1m^[22m[39m[31m[1m^[22m[39m[31m[1m^[22m[39m[31m[1m^[22m[39m[31m[1m^[22m[39m[31m[1m^[22m[39m[31m[1m^[22m[39m[31m[1m^[22m[39m[31m[1m^[22m[39m[31m[1m^[22m[39m[31m[1m^[22m[39m[31m[1m^[22m[39m[31m[1m^[22m[39m[31m[1m^[22m[39m[31m[1m^[22m[39m[31m[1m^[22m[39m[31m[1m^[22m[39m[31m[1m^[22m[39m[31m[1m^[22m[39m[31m[1m^[22m[39m
 [90m 3 |[39m [36mimport[39m { eq } [36mfrom[39m [32m'drizzle-orm'[39m[33m;[39m
 [90m 4 |[39m
 [90m 5 |[39m [90m// GET /api/blogs/id/[id] - Get blog by ID[39m[0m

The export blogs was not found in module [project]/apps/web/lib/db.ts [app-route] (ecmascript).
The module has no exports at all.
All exports of the module are statically known (It doesn't have dynamic exports). So it's known statically that the requested export doesn't exist.


./apps/web/app/api/blogs/route.ts:2:1
Export blogs doesn't exist in target module
[0m [90m 1 |[39m [36mimport[39m { [33mNextRequest[39m[33m,[39m [33mNextResponse[39m } [36mfrom[39m [32m'next/server'[39m[33m;[39m
[31m[1m>[22m[39m[90m 2 |[39m [36mimport[39m { db[33m,[39m blogs } [36mfrom[39m [32m'@/lib/db'[39m[33m;[39m
 [90m   |[39m [31m[1m^[22m[39m[31m[1m^[22m[39m[31m[1m^[22m[39m[31m[1m^[22m[39m[31m[1m^[22m[39m[31m[1m^[22m[39m[31m[1m^[22m[39m[31m[1m^[22m[39m[31m[1m^[22m[39m[31m[1m^[22m[39m[31m[1m^[22m[39m[31m[1m^[22m[39m[31m[1m^[22m[39m[31m[1m^[22m[39m[31m[1m^[22m[39m[31m[1m^[22m[39m[31m[1m^[22m[39m[31m[1m^[22m[39m[31m[1m^[22m[39m[31m[1m^[22m[39m[31m[1m^[22m[39m[31m[1m^[22m[39m[31m[1m^[22m[39m[31m[1m^[22m[39m[31m[1m^[22m[39m[31m[1m^[22m[39m[31m[1m^[22m[39m[31m[1m^[22m[39m[31m[1m^[22m[39m[31m[1m^[22m[39m[31m[1m^[22m[39m[31m[1m^[22m[39m[31m[1m^[22m[39m[31m[1m^[22m[39m[31m[1m^[22m[39m[31m[1m^[22m[39m[31m[1m^[22m[39m
 [90m 3 |[39m [36mimport[39m { desc } [36mfrom[39m [32m'drizzle-orm'[39m[33m;[39m
 [90m 4 |[39m
 [90m 5 |[39m [90m// GET /api/blogs - List all blogs with author[39m[0m

The export blogs was not found in module [project]/apps/web/lib/db.ts [app-route] (ecmascript).
The module has no exports at all.
All exports of the module are statically known (It doesn't have dynamic exports). So it's known statically that the requested export doesn't exist.


./apps/web/app/api/stats/route.ts:2:1
Export blogs doesn't exist in target module
[0m [90m 1 |[39m [36mimport[39m { [33mNextResponse[39m } [36mfrom[39m [32m'next/server'[39m[33m;[39m
[31m[1m>[22m[39m[90m 2 |[39m [36mimport[39m { db[33m,[39m blogs[33m,[39m projects[33m,[39m users } [36mfrom[39m [32m'@/lib/db'[39m[33m;[39m
 [90m   |[39m [31m[1m^[22m[39m[31m[1m^[22m[39m[31m[1m^[22m[39m[31m[1m^[22m[39m[31m[1m^[22m[39m[31m[1m^[22m[39m[31m[1m^[22m[39m[31m[1m^[22m[39m[31m[1m^[22m[39m[31m[1m^[22m[39m[31m[1m^[22m[39m[31m[1m^[22m[39m[31m[1m^[22m[39m[31m[1m^[22m[39m[31m[1m^[22m[39m[31m[1m^[22m[39m[31m[1m^[22m[39m[31m[1m^[22m[39m[31m[1m^[22m[39m[31m[1m^[22m[39m[31m[1m^[22m[39m[31m[1m^[22m[39m[31m[1m^[22m[39m[31m[1m^[22m[39m[31m[1m^[22m[39m[31m[1m^[22m[39m[31m[1m^[22m[39m[31m[1m^[22m[39m[31m[1m^[22m[39m[31m[1m^[22m[39m[31m[1m^[22m[39m[31m[1m^[22m[39m[31m[1m^[22m[39m[31m[1m^[22m[39m[31m[1m^[22m[39m[31m[1m^[22m[39m[31m[1m^[22m[39m[31m[1m^[22m[39m[31m[1m^[22m[39m[31m[1m^[22m[39m[31m[1m^[22m[39m[31m[1m^[22m[39m[31m[1m^[22m[39m[31m[1m^[22m[39m[31m[1m^[22m[39m[31m[1m^[22m[39m[31m[1m^[22m[39m[31m[1m^[22m[39m[31m[1m^[22m[39m[31m[1m^[22m[39m[31m[1m^[22m[39m[31m[1m^[22m[39m[31m[1m^[22m[39m[31m[1m^[22m[39m
 [90m 3 |[39m [36mimport[39m { count } [36mfrom[39m [32m'drizzle-orm'[39m[33m;[39m
 [90m 4 |[39m
 [90m 5 |[39m [90m// GET /api/stats - Dashboard statistics[39m[0m

The export blogs was not found in module [project]/apps/web/lib/db.ts [app-route] (ecmascript).
The module has no exports at all.
All exports of the module are statically known (It doesn't have dynamic exports). So it's known statically that the requested export doesn't exist.


./apps/web/app/api/blogs/[slug]/route.ts:2:1
Export db doesn't exist in target module
[0m [90m 1 |[39m [36mimport[39m { [33mNextRequest[39m[33m,[39m [33mNextResponse[39m } [36mfrom[39m [32m'next/server'[39m[33m;[39m
[31m[1m>[22m[39m[90m 2 |[39m [36mimport[39m { db[33m,[39m blogs } [36mfrom[39m [32m'@/lib/db'[39m[33m;[39m
 [90m   |[39m [31m[1m^[22m[39m[31m[1m^[22m[39m[31m[1m^[22m[39m[31m[1m^[22m[39m[31m[1m^[22m[39m[31m[1m^[22m[39m[31m[1m^[22m[39m[31m[1m^[22m[39m[31m[1m^[22m[39m[31m[1m^[22m[39m[31m[1m^[22m[39m[31m[1m^[22m[39m[31m[1m^[22m[39m[31m[1m^[22m[39m[31m[1m^[22m[39m[31m[1m^[22m[39m[31m[1m^[22m[39m[31m[1m^[22m[39m[31m[1m^[22m[39m[31m[1m^[22m[39m[31m[1m^[22m[39m[31m[1m^[22m[39m[31m[1m^[22m[39m[31m[1m^[22m[39m[31m[1m^[22m[39m[31m[1m^[22m[39m[31m[1m^[22m[39m[31m[1m^[22m[39m[31m[1m^[22m[39m[31m[1m^[22m[39m[31m[1m^[22m[39m[31m[1m^[22m[39m[31m[1m^[22m[39m[31m[1m^[22m[39m[31m[1m^[22m[39m[31m[1m^[22m[39m[31m[1m^[22m[39m
 [90m 3 |[39m [36mimport[39m { eq } [36mfrom[39m [32m'drizzle-orm'[39m[33m;[39m
 [90m 4 |[39m
 [90m 5 |[39m [90m// GET /api/blogs/[slug] - Get blog by slug[39m[0m

The export db was not found in module [project]/apps/web/lib/db.ts [app-route] (ecmascript).
The module has no exports at all.
All exports of the module are statically known (It doesn't have dynamic exports). So it's known statically that the requested export doesn't exist.


./apps/web/app/api/blogs/id/[id]/route.ts:2:1
Export db doesn't exist in target module
[0m [90m 1 |[39m [36mimport[39m { [33mNextRequest[39m[33m,[39m [33mNextResponse[39m } [36mfrom[39m [32m'next/server'[39m[33m;[39m
[31m[1m>[22m[39m[90m 2 |[39m [36mimport[39m { db[33m,[39m blogs } [36mfrom[39m [32m'@/lib/db'[39m[33m;[39m
 [90m   |[39m [31m[1m^[22m[39m[31m[1m^[22m[39m[31m[1m^[22m[39m[31m[1m^[22m[39m[31m[1m^[22m[39m[31m[1m^[22m[39m[31m[1m^[22m[39m[31m[1m^[22m[39m[31m[1m^[22m[39m[31m[1m^[22m[39m[31m[1m^[22m[39m[31m[1m^[22m[39m[31m[1m^[22m[39m[31m[1m^[22m[39m[31m[1m^[22m[39m[31m[1m^[22m[39m[31m[1m^[22m[39m[31m[1m^[22m[39m[31m[1m^[22m[39m[31m[1m^[22m[39m[31m[1m^[22m[39m[31m[1m^[22m[39m[31m[1m^[22m[39m[31m[1m^[22m[39m[31m[1m^[22m[39m[31m[1m^[22m[39m[31m[1m^[22m[39m[31m[1m^[22m[39m[31m[1m^[22m[39m[31m[1m^[22m[39m[31m[1m^[22m[39m[31m[1m^[22m[39m[31m[1m^[22m[39m[31m[1m^[22m[39m[31m[1m^[22m[39m[31m[1m^[22m[39m[31m[1m^[22m[39m
 [90m 3 |[39m [36mimport[39m { eq } [36mfrom[39m [32m'drizzle-orm'[39m[33m;[39m
 [90m 4 |[39m
 [90m 5 |[39m [90m// GET /api/blogs/id/[id] - Get blog by ID[39m[0m

The export db was not found in module [project]/apps/web/lib/db.ts [app-route] (ecmascript).
The module has no exports at all.
All exports of the module are statically known (It doesn't have dynamic exports). So it's known statically that the requested export doesn't exist.


./apps/web/app/api/blogs/route.ts:2:1
Export db doesn't exist in target module
[0m [90m 1 |[39m [36mimport[39m { [33mNextRequest[39m[33m,[39m [33mNextResponse[39m } [36mfrom[39m [32m'next/server'[39m[33m;[39m
[31m[1m>[22m[39m[90m 2 |[39m [36mimport[39m { db[33m,[39m blogs } [36mfrom[39m [32m'@/lib/db'[39m[33m;[39m
 [90m   |[39m [31m[1m^[22m[39m[31m[1m^[22m[39m[31m[1m^[22m[39m[31m[1m^[22m[39m[31m[1m^[22m[39m[31m[1m^[22m[39m[31m[1m^[22m[39m[31m[1m^[22m[39m[31m[1m^[22m[39m[31m[1m^[22m[39m[31m[1m^[22m[39m[31m[1m^[22m[39m[31m[1m^[22m[39m[31m[1m^[22m[39m[31m[1m^[22m[39m[31m[1m^[22m[39m[31m[1m^[22m[39m[31m[1m^[22m[39m[31m[1m^[22m[39m[31m[1m^[22m[39m[31m[1m^[22m[39m[31m[1m^[22m[39m[31m[1m^[22m[39m[31m[1m^[22m[39m[31m[1m^[22m[39m[31m[1m^[22m[39m[31m[1m^[22m[39m[31m[1m^[22m[39m[31m[1m^[22m[39m[31m[1m^[22m[39m[31m[1m^[22m[39m[31m[1m^[22m[39m[31m[1m^[22m[39m[31m[1m^[22m[39m[31m[1m^[22m[39m[31m[1m^[22m[39m[31m[1m^[22m[39m
 [90m 3 |[39m [36mimport[39m { desc } [36mfrom[39m [32m'drizzle-orm'[39m[33m;[39m
 [90m 4 |[39m
 [90m 5 |[39m [90m// GET /api/blogs - List all blogs with author[39m[0m

The export db was not found in module [project]/apps/web/lib/db.ts [app-route] (ecmascript).
The module has no exports at all.
All exports of the module are statically known (It doesn't have dynamic exports). So it's known statically that the requested export doesn't exist.


./apps/web/app/api/projects/[slug]/route.ts:2:1
Export db doesn't exist in target module
[0m [90m 1 |[39m [36mimport[39m { [33mNextRequest[39m[33m,[39m [33mNextResponse[39m } [36mfrom[39m [32m'next/server'[39m[33m;[39m
[31m[1m>[22m[39m[90m 2 |[39m [36mimport[39m { db[33m,[39m projects } [36mfrom[39m [32m'@/lib/db'[39m[33m;[39m
 [90m   |[39m [31m[1m^[22m[39m[31m[1m^[22m[39m[31m[1m^[22m[39m[31m[1m^[22m[39m[31m[1m^[22m[39m[31m[1m^[22m[39m[31m[1m^[22m[39m[31m[1m^[22m[39m[31m[1m^[22m[39m[31m[1m^[22m[39m[31m[1m^[22m[39m[31m[1m^[22m[39m[31m[1m^[22m[39m[31m[1m^[22m[39m[31m[1m^[22m[39m[31m[1m^[22m[39m[31m[1m^[22m[39m[31m[1m^[22m[39m[31m[1m^[22m[39m[31m[1m^[22m[39m[31m[1m^[22m[39m[31m[1m^[22m[39m[31m[1m^[22m[39m[31m[1m^[22m[39m[31m[1m^[22m[39m[31m[1m^[22m[39m[31m[1m^[22m[39m[31m[1m^[22m[39m[31m[1m^[22m[39m[31m[1m^[22m[39m[31m[1m^[22m[39m[31m[1m^[22m[39m[31m[1m^[22m[39m[31m[1m^[22m[39m[31m[1m^[22m[39m[31m[1m^[22m[39m[31m[1m^[22m[39m[31m[1m^[22m[39m[31m[1m^[22m[39m[31m[1m^[22m[39m
 [90m 3 |[39m [36mimport[39m { eq } [36mfrom[39m [32m'drizzle-orm'[39m[33m;[39m
 [90m 4 |[39m
 [90m 5 |[39m [90m// GET /api/projects/[slug] - Get project by slug[39m[0m

The export db was not found in module [project]/apps/web/lib/db.ts [app-route] (ecmascript).
The module has no exports at all.
All exports of the module are statically known (It doesn't have dynamic exports). So it's known statically that the requested export doesn't exist.


./apps/web/app/api/projects/id/[id]/route.ts:2:1
Export db doesn't exist in target module
[0m [90m 1 |[39m [36mimport[39m { [33mNextRequest[39m[33m,[39m [33mNextResponse[39m } [36mfrom[39m [32m'next/server'[39m[33m;[39m
[31m[1m>[22m[39m[90m 2 |[39m [36mimport[39m { db[33m,[39m projects } [36mfrom[39m [32m'@/lib/db'[39m[33m;[39m
 [90m   |[39m [31m[1m^[22m[39m[31m[1m^[22m[39m[31m[1m^[22m[39m[31m[1m^[22m[39m[31m[1m^[22m[39m[31m[1m^[22m[39m[31m[1m^[22m[39m[31m[1m^[22m[39m[31m[1m^[22m[39m[31m[1m^[22m[39m[31m[1m^[22m[39m[31m[1m^[22m[39m[31m[1m^[22m[39m[31m[1m^[22m[39m[31m[1m^[22m[39m[31m[1m^[22m[39m[31m[1m^[22m[39m[31m[1m^[22m[39m[31m[1m^[22m[39m[31m[1m^[22m[39m[31m[1m^[22m[39m[31m[1m^[22m[39m[31m[1m^[22m[39m[31m[1m^[22m[39m[31m[1m^[22m[39m[31m[1m^[22m[39m[31m[1m^[22m[39m[31m[1m^[22m[39m[31m[1m^[22m[39m[31m[1m^[22m[39m[31m[1m^[22m[39m[31m[1m^[22m[39m[31m[1m^[22m[39m[31m[1m^[22m[39m[31m[1m^[22m[39m[31m[1m^[22m[39m[31m[1m^[22m[39m[31m[1m^[22m[39m[31m[1m^[22m[39m[31m[1m^[22m[39m
 [90m 3 |[39m [36mimport[39m { eq } [36mfrom[39m [32m'drizzle-orm'[39m[33m;[39m
 [90m 4 |[39m
 [90m 5 |[39m [90m// GET /api/projects/id/[id] - Get project by ID[39m[0m

The export db was not found in module [project]/apps/web/lib/db.ts [app-route] (ecmascript).
The module has no exports at all.
All exports of the module are statically known (It doesn't have dynamic exports). So it's known statically that the requested export doesn't exist.


./apps/web/app/api/projects/route.ts:2:1
Export db doesn't exist in target module
[0m [90m 1 |[39m [36mimport[39m { [33mNextRequest[39m[33m,[39m [33mNextResponse[39m } [36mfrom[39m [32m'next/server'[39m[33m;[39m
[31m[1m>[22m[39m[90m 2 |[39m [36mimport[39m { db[33m,[39m projects } [36mfrom[39m [32m'@/lib/db'[39m[33m;[39m
 [90m   |[39m [31m[1m^[22m[39m[31m[1m^[22m[39m[31m[1m^[22m[39m[31m[1m^[22m[39m[31m[1m^[22m[39m[31m[1m^[22m[39m[31m[1m^[22m[39m[31m[1m^[22m[39m[31m[1m^[22m[39m[31m[1m^[22m[39m[31m[1m^[22m[39m[31m[1m^[22m[39m[31m[1m^[22m[39m[31m[1m^[22m[39m[31m[1m^[22m[39m[31m[1m^[22m[39m[31m[1m^[22m[39m[31m[1m^[22m[39m[31m[1m^[22m[39m[31m[1m^[22m[39m[31m[1m^[22m[39m[31m[1m^[22m[39m[31m[1m^[22m[39m[31m[1m^[22m[39m[31m[1m^[22m[39m[31m[1m^[22m[39m[31m[1m^[22m[39m[31m[1m^[22m[39m[31m[1m^[22m[39m[31m[1m^[22m[39m[31m[1m^[22m[39m[31m[1m^[22m[39m[31m[1m^[22m[39m[31m[1m^[22m[39m[31m[1m^[22m[39m[31m[1m^[22m[39m[31m[1m^[22m[39m[31m[1m^[22m[39m[31m[1m^[22m[39m[31m[1m^[22m[39m
 [90m 3 |[39m [36mimport[39m { desc } [36mfrom[39m [32m'drizzle-orm'[39m[33m;[39m
 [90m 4 |[39m
 [90m 5 |[39m [90m// GET /api/projects - List all projects[39m[0m

The export db was not found in module [project]/apps/web/lib/db.ts [app-route] (ecmascript).
The module has no exports at all.
All exports of the module are statically known (It doesn't have dynamic exports). So it's known statically that the requested export doesn't exist.


./apps/web/app/api/stats/route.ts:2:1
Export db doesn't exist in target module
[0m [90m 1 |[39m [36mimport[39m { [33mNextResponse[39m } [36mfrom[39m [32m'next/server'[39m[33m;[39m
[31m[1m>[22m[39m[90m 2 |[39m [36mimport[39m { db[33m,[39m blogs[33m,[39m projects[33m,[39m users } [36mfrom[39m [32m'@/lib/db'[39m[33m;[39m
 [90m   |[39m [31m[1m^[22m[39m[31m[1m^[22m[39m[31m[1m^[22m[39m[31m[1m^[22m[39m[31m[1m^[22m[39m[31m[1m^[22m[39m[31m[1m^[22m[39m[31m[1m^[22m[39m[31m[1m^[22m[39m[31m[1m^[22m[39m[31m[1m^[22m[39m[31m[1m^[22m[39m[31m[1m^[22m[39m[31m[1m^[22m[39m[31m[1m^[22m[39m[31m[1m^[22m[39m[31m[1m^[22m[39m[31m[1m^[22m[39m[31m[1m^[22m[39m[31m[1m^[22m[39m[31m[1m^[22m[39m[31m[1m^[22m[39m[31m[1m^[22m[39m[31m[1m^[22m[39m[31m[1m^[22m[39m[31m[1m^[22m[39m[31m[1m^[22m[39m[31m[1m^[22m[39m[31m[1m^[22m[39m[31m[1m^[22m[39m[31m[1m^[22m[39m[31m[1m^[22m[39m[31m[1m^[22m[39m[31m[1m^[22m[39m[31m[1m^[22m[39m[31m[1m^[22m[39m[31m[1m^[22m[39m[31m[1m^[22m[39m[31m[1m^[22m[39m[31m[1m^[22m[39m[31m[1m^[22m[39m[31m[1m^[22m[39m[31m[1m^[22m[39m[31m[1m^[22m[39m[31m[1m^[22m[39m[31m[1m^[22m[39m[31m[1m^[22m[39m[31m[1m^[22m[39m[31m[1m^[22m[39m[31m[1m^[22m[39m[31m[1m^[22m[39m[31m[1m^[22m[39m[31m[1m^[22m[39m[31m[1m^[22m[39m
 [90m 3 |[39m [36mimport[39m { count } [36mfrom[39m [32m'drizzle-orm'[39m[33m;[39m
 [90m 4 |[39m
 [90m 5 |[39m [90m// GET /api/stats - Dashboard statistics[39m[0m

The export db was not found in module [project]/apps/web/lib/db.ts [app-route] (ecmascript).
The module has no exports at all.
All exports of the module are statically known (It doesn't have dynamic exports). So it's known statically that the requested export doesn't exist.


./apps/web/app/api/users/route.ts:2:1
Export db doesn't exist in target module
[0m [90m 1 |[39m [36mimport[39m { [33mNextResponse[39m } [36mfrom[39m [32m'next/server'[39m[33m;[39m
[31m[1m>[22m[39m[90m 2 |[39m [36mimport[39m { db[33m,[39m users } [36mfrom[39m [32m'@/lib/db'[39m[33m;[39m
 [90m   |[39m [31m[1m^[22m[39m[31m[1m^[22m[39m[31m[1m^[22m[39m[31m[1m^[22m[39m[31m[1m^[22m[39m[31m[1m^[22m[39m[31m[1m^[22m[39m[31m[1m^[22m[39m[31m[1m^[22m[39m[31m[1m^[22m[39m[31m[1m^[22m[39m[31m[1m^[22m[39m[31m[1m^[22m[39m[31m[1m^[22m[39m[31m[1m^[22m[39m[31m[1m^[22m[39m[31m[1m^[22m[39m[31m[1m^[22m[39m[31m[1m^[22m[39m[31m[1m^[22m[39m[31m[1m^[22m[39m[31m[1m^[22m[39m[31m[1m^[22m[39m[31m[1m^[22m[39m[31m[1m^[22m[39m[31m[1m^[22m[39m[31m[1m^[22m[39m[31m[1m^[22m[39m[31m[1m^[22m[39m[31m[1m^[22m[39m[31m[1m^[22m[39m[31m[1m^[22m[39m[31m[1m^[22m[39m[31m[1m^[22m[39m[31m[1m^[22m[39m[31m[1m^[22m[39m[31m[1m^[22m[39m
 [90m 3 |[39m [36mimport[39m { desc } [36mfrom[39m [32m'drizzle-orm'[39m[33m;[39m
 [90m 4 |[39m
 [90m 5 |[39m [90m// GET /api/users - List all users[39m[0m

The export db was not found in module [project]/apps/web/lib/db.ts [app-route] (ecmascript).
The module has no exports at all.
All exports of the module are statically known (It doesn't have dynamic exports). So it's known statically that the requested export doesn't exist.


./apps/web/lib/auth.ts:3:1
Export db doesn't exist in target module
[0m [90m 1 |[39m [36mimport[39m { betterAuth } [36mfrom[39m [32m"better-auth"[39m[33m;[39m
 [90m 2 |[39m [36mimport[39m { drizzleAdapter } [36mfrom[39m [32m"better-auth/adapters/drizzle"[39m[33m;[39m
[31m[1m>[22m[39m[90m 3 |[39m [36mimport[39m { db[33m,[39m users[33m,[39m sessions[33m,[39m accounts[33m,[39m verifications } [36mfrom[39m [32m"@repo/db"[39m[33m;[39m
 [90m   |[39m [31m[1m^[22m[39m[31m[1m^[22m[39m[31m[1m^[22m[39m[31m[1m^[22m[39m[31m[1m^[22m[39m[31m[1m^[22m[39m[31m[1m^[22m[39m[31m[1m^[22m[39m[31m[1m^[22m[39m[31m[1m^[22m[39m[31m[1m^[22m[39m[31m[1m^[22m[39m[31m[1m^[22m[39m[31m[1m^[22m[39m[31m[1m^[22m[39m[31m[1m^[22m[39m[31m[1m^[22m[39m[31m[1m^[22m[39m[31m[1m^[22m[39m[31m[1m^[22m[39m[31m[1m^[22m[39m[31m[1m^[22m[39m[31m[1m^[22m[39m[31m[1m^[22m[39m[31m[1m^[22m[39m[31m[1m^[22m[39m[31m[1m^[22m[39m[31m[1m^[22m[39m[31m[1m^[22m[39m[31m[1m^[22m[39m[31m[1m^[22m[39m[31m[1m^[22m[39m[31m[1m^[22m[39m[31m[1m^[22m[39m[31m[1m^[22m[39m[31m[1m^[22m[39m[31m[1m^[22m[39m[31m[1m^[22m[39m[31m[1m^[22m[39m[31m[1m^[22m[39m[31m[1m^[22m[39m[31m[1m^[22m[39m[31m[1m^[22m[39m[31m[1m^[22m[39m[31m[1m^[22m[39m[31m[1m^[22m[39m[31m[1m^[22m[39m[31m[1m^[22m[39m[31m[1m^[22m[39m[31m[1m^[22m[39m[31m[1m^[22m[39m[31m[1m^[22m[39m[31m[1m^[22m[39m[31m[1m^[22m[39m[31m[1m^[22m[39m[31m[1m^[22m[39m[31m[1m^[22m[39m[31m[1m^[22m[39m[31m[1m^[22m[39m[31m[1m^[22m[39m[31m[1m^[22m[39m[31m[1m^[22m[39m[31m[1m^[22m[39m[31m[1m^[22m[39m[31m[1m^[22m[39m[31m[1m^[22m[39m[31m[1m^[22m[39m[31m[1m^[22m[39m[31m[1m^[22m[39m[31m[1m^[22m[39m[31m[1m^[22m[39m[31m[1m^[22m[39m
 [90m 4 |[39m
 [90m 5 |[39m [90m// Determine base URL based on environment[39m
 [90m 6 |[39m [36mconst[39m getBaseURL [33m=[39m () [33m=>[39m {[0m

The export db was not found in module [project]/packages/db/src/index.ts [app-route] (ecmascript).
The module has no exports at all.
All exports of the module are statically known (It doesn't have dynamic exports). So it's known statically that the requested export doesn't exist.

Import trace:
  App Route:
    ./apps/web/lib/auth.ts
    ./apps/web/app/api/auth/[...all]/route.ts


./apps/web/app/api/projects/[slug]/route.ts:2:1
Export projects doesn't exist in target module
[0m [90m 1 |[39m [36mimport[39m { [33mNextRequest[39m[33m,[39m [33mNextResponse[39m } [36mfrom[39m [32m'next/server'[39m[33m;[39m
[31m[1m>[22m[39m[90m 2 |[39m [36mimport[39m { db[33m,[39m projects } [36mfrom[39m [32m'@/lib/db'[39m[33m;[39m
 [90m   |[39m [31m[1m^[22m[39m[31m[1m^[22m[39m[31m[1m^[22m[39m[31m[1m^[22m[39m[31m[1m^[22m[39m[31m[1m^[22m[39m[31m[1m^[22m[39m[31m[1m^[22m[39m[31m[1m^[22m[39m[31m[1m^[22m[39m[31m[1m^[22m[39m[31m[1m^[22m[39m[31m[1m^[22m[39m[31m[1m^[22m[39m[31m[1m^[22m[39m[31m[1m^[22m[39m[31m[1m^[22m[39m[31m[1m^[22m[39m[31m[1m^[22m[39m[31m[1m^[22m[39m[31m[1m^[22m[39m[31m[1m^[22m[39m[31m[1m^[22m[39m[31m[1m^[22m[39m[31m[1m^[22m[39m[31m[1m^[22m[39m[31m[1m^[22m[39m[31m[1m^[22m[39m[31m[1m^[22m[39m[31m[1m^[22m[39m[31m[1m^[22m[39m[31m[1m^[22m[39m[31m[1m^[22m[39m[31m[1m^[22m[39m[31m[1m^[22m[39m[31m[1m^[22m[39m[31m[1m^[22m[39m[31m[1m^[22m[39m[31m[1m^[22m[39m[31m[1m^[22m[39m
 [90m 3 |[39m [36mimport[39m { eq } [36mfrom[39m [32m'drizzle-orm'[39m[33m;[39m
 [90m 4 |[39m
 [90m 5 |[39m [90m// GET /api/projects/[slug] - Get project by slug[39m[0m

The export projects was not found in module [project]/apps/web/lib/db.ts [app-route] (ecmascript).
The module has no exports at all.
All exports of the module are statically known (It doesn't have dynamic exports). So it's known statically that the requested export doesn't exist.


./apps/web/app/api/projects/id/[id]/route.ts:2:1
Export projects doesn't exist in target module
[0m [90m 1 |[39m [36mimport[39m { [33mNextRequest[39m[33m,[39m [33mNextResponse[39m } [36mfrom[39m [32m'next/server'[39m[33m;[39m
[31m[1m>[22m[39m[90m 2 |[39m [36mimport[39m { db[33m,[39m projects } [36mfrom[39m [32m'@/lib/db'[39m[33m;[39m
 [90m   |[39m [31m[1m^[22m[39m[31m[1m^[22m[39m[31m[1m^[22m[39m[31m[1m^[22m[39m[31m[1m^[22m[39m[31m[1m^[22m[39m[31m[1m^[22m[39m[31m[1m^[22m[39m[31m[1m^[22m[39m[31m[1m^[22m[39m[31m[1m^[22m[39m[31m[1m^[22m[39m[31m[1m^[22m[39m[31m[1m^[22m[39m[31m[1m^[22m[39m[31m[1m^[22m[39m[31m[1m^[22m[39m[31m[1m^[22m[39m[31m[1m^[22m[39m[31m[1m^[22m[39m[31m[1m^[22m[39m[31m[1m^[22m[39m[31m[1m^[22m[39m[31m[1m^[22m[39m[31m[1m^[22m[39m[31m[1m^[22m[39m[31m[1m^[22m[39m[31m[1m^[22m[39m[31m[1m^[22m[39m[31m[1m^[22m[39m[31m[1m^[22m[39m[31m[1m^[22m[39m[31m[1m^[22m[39m[31m[1m^[22m[39m[31m[1m^[22m[39m[31m[1m^[22m[39m[31m[1m^[22m[39m[31m[1m^[22m[39m[31m[1m^[22m[39m[31m[1m^[22m[39m
 [90m 3 |[39m [36mimport[39m { eq } [36mfrom[39m [32m'drizzle-orm'[39m[33m;[39m
 [90m 4 |[39m
 [90m 5 |[39m [90m// GET /api/projects/id/[id] - Get project by ID[39m[0m

The export projects was not found in module [project]/apps/web/lib/db.ts [app-route] (ecmascript).
The module has no exports at all.
All exports of the module are statically known (It doesn't have dynamic exports). So it's known statically that the requested export doesn't exist.


./apps/web/app/api/projects/route.ts:2:1
Export projects doesn't exist in target module
[0m [90m 1 |[39m [36mimport[39m { [33mNextRequest[39m[33m,[39m [33mNextResponse[39m } [36mfrom[39m [32m'next/server'[39m[33m;[39m
[31m[1m>[22m[39m[90m 2 |[39m [36mimport[39m { db[33m,[39m projects } [36mfrom[39m [32m'@/lib/db'[39m[33m;[39m
 [90m   |[39m [31m[1m^[22m[39m[31m[1m^[22m[39m[31m[1m^[22m[39m[31m[1m^[22m[39m[31m[1m^[22m[39m[31m[1m^[22m[39m[31m[1m^[22m[39m[31m[1m^[22m[39m[31m[1m^[22m[39m[31m[1m^[22m[39m[31m[1m^[22m[39m[31m[1m^[22m[39m[31m[1m^[22m[39m[31m[1m^[22m[39m[31m[1m^[22m[39m[31m[1m^[22m[39m[31m[1m^[22m[39m[31m[1m^[22m[39m[31m[1m^[22m[39m[31m[1m^[22m[39m[31m[1m^[22m[39m[31m[1m^[22m[39m[31m[1m^[22m[39m[31m[1m^[22m[39m[31m[1m^[22m[39m[31m[1m^[22m[39m[31m[1m^[22m[39m[31m[1m^[22m[39m[31m[1m^[22m[39m[31m[1m^[22m[39m[31m[1m^[22m[39m[31m[1m^[22m[39m[31m[1m^[22m[39m[31m[1m^[22m[39m[31m[1m^[22m[39m[31m[1m^[22m[39m[31m[1m^[22m[39m[31m[1m^[22m[39m[31m[1m^[22m[39m[31m[1m^[22m[39m
 [90m 3 |[39m [36mimport[39m { desc } [36mfrom[39m [32m'drizzle-orm'[39m[33m;[39m
 [90m 4 |[39m
 [90m 5 |[39m [90m// GET /api/projects - List all projects[39m[0m

The export projects was not found in module [project]/apps/web/lib/db.ts [app-route] (ecmascript).
The module has no exports at all.
All exports of the module are statically known (It doesn't have dynamic exports). So it's known statically that the requested export doesn't exist.


./apps/web/app/api/stats/route.ts:2:1
Export projects doesn't exist in target module
[0m [90m 1 |[39m [36mimport[39m { [33mNextResponse[39m } [36mfrom[39m [32m'next/server'[39m[33m;[39m
[31m[1m>[22m[39m[90m 2 |[39m [36mimport[39m { db[33m,[39m blogs[33m,[39m projects[33m,[39m users } [36mfrom[39m [32m'@/lib/db'[39m[33m;[39m
 [90m   |[39m [31m[1m^[22m[39m[31m[1m^[22m[39m[31m[1m^[22m[39m[31m[1m^[22m[39m[31m[1m^[22m[39m[31m[1m^[22m[39m[31m[1m^[22m[39m[31m[1m^[22m[39m[31m[1m^[22m[39m[31m[1m^[22m[39m[31m[1m^[22m[39m[31m[1m^[22m[39m[31m[1m^[22m[39m[31m[1m^[22m[39m[31m[1m^[22m[39m[31m[1m^[22m[39m[31m[1m^[22m[39m[31m[1m^[22m[39m[31m[1m^[22m[39m[31m[1m^[22m[39m[31m[1m^[22m[39m[31m[1m^[22m[39m[31m[1m^[22m[39m[31m[1m^[22m[39m[31m[1m^[22m[39m[31m[1m^[22m[39m[31m[1m^[22m[39m[31m[1m^[22m[39m[31m[1m^[22m[39m[31m[1m^[22m[39m[31m[1m^[22m[39m[31m[1m^[22m[39m[31m[1m^[22m[39m[31m[1m^[22m[39m[31m[1m^[22m[39m[31m[1m^[22m[39m[31m[1m^[22m[39m[31m[1m^[22m[39m[31m[1m^[22m[39m[31m[1m^[22m[39m[31m[1m^[22m[39m[31m[1m^[22m[39m[31m[1m^[22m[39m[31m[1m^[22m[39m[31m[1m^[22m[39m[31m[1m^[22m[39m[31m[1m^[22m[39m[31m[1m^[22m[39m[31m[1m^[22m[39m[31m[1m^[22m[39m[31m[1m^[22m[39m[31m[1m^[22m[39m[31m[1m^[22m[39m[31m[1m^[22m[39m
 [90m 3 |[39m [36mimport[39m { count } [36mfrom[39m [32m'drizzle-orm'[39m[33m;[39m
 [90m 4 |[39m
 [90m 5 |[39m [90m// GET /api/stats - Dashboard statistics[39m[0m

The export projects was not found in module [project]/apps/web/lib/db.ts [app-route] (ecmascript).
The module has no exports at all.
All exports of the module are statically known (It doesn't have dynamic exports). So it's known statically that the requested export doesn't exist.


./apps/web/lib/auth.ts:3:1
Export sessions doesn't exist in target module
[0m [90m 1 |[39m [36mimport[39m { betterAuth } [36mfrom[39m [32m"better-auth"[39m[33m;[39m
 [90m 2 |[39m [36mimport[39m { drizzleAdapter } [36mfrom[39m [32m"better-auth/adapters/drizzle"[39m[33m;[39m
[31m[1m>[22m[39m[90m 3 |[39m [36mimport[39m { db[33m,[39m users[33m,[39m sessions[33m,[39m accounts[33m,[39m verifications } [36mfrom[39m [32m"@repo/db"[39m[33m;[39m
 [90m   |[39m [31m[1m^[22m[39m[31m[1m^[22m[39m[31m[1m^[22m[39m[31m[1m^[22m[39m[31m[1m^[22m[39m[31m[1m^[22m[39m[31m[1m^[22m[39m[31m[1m^[22m[39m[31m[1m^[22m[39m[31m[1m^[22m[39m[31m[1m^[22m[39m[31m[1m^[22m[39m[31m[1m^[22m[39m[31m[1m^[22m[39m[31m[1m^[22m[39m[31m[1m^[22m[39m[31m[1m^[22m[39m[31m[1m^[22m[39m[31m[1m^[22m[39m[31m[1m^[22m[39m[31m[1m^[22m[39m[31m[1m^[22m[39m[31m[1m^[22m[39m[31m[1m^[22m[39m[31m[1m^[22m[39m[31m[1m^[22m[39m[31m[1m^[22m[39m[31m[1m^[22m[39m[31m[1m^[22m[39m[31m[1m^[22m[39m[31m[1m^[22m[39m[31m[1m^[22m[39m[31m[1m^[22m[39m[31m[1m^[22m[39m[31m[1m^[22m[39m[31m[1m^[22m[39m[31m[1m^[22m[39m[31m[1m^[22m[39m[31m[1m^[22m[39m[31m[1m^[22m[39m[31m[1m^[22m[39m[31m[1m^[22m[39m[31m[1m^[22m[39m[31m[1m^[22m[39m[31m[1m^[22m[39m[31m[1m^[22m[39m[31m[1m^[22m[39m[31m[1m^[22m[39m[31m[1m^[22m[39m[31m[1m^[22m[39m[31m[1m^[22m[39m[31m[1m^[22m[39m[31m[1m^[22m[39m[31m[1m^[22m[39m[31m[1m^[22m[39m[31m[1m^[22m[39m[31m[1m^[22m[39m[31m[1m^[22m[39m[31m[1m^[22m[39m[31m[1m^[22m[39m[31m[1m^[22m[39m[31m[1m^[22m[39m[31m[1m^[22m[39m[31m[1m^[22m[39m[31m[1m^[22m[39m[31m[1m^[22m[39m[31m[1m^[22m[39m[31m[1m^[22m[39m[31m[1m^[22m[39m[31m[1m^[22m[39m[31m[1m^[22m[39m[31m[1m^[22m[39m
 [90m 4 |[39m
 [90m 5 |[39m [90m// Determine base URL based on environment[39m
 [90m 6 |[39m [36mconst[39m getBaseURL [33m=[39m () [33m=>[39m {[0m

The export sessions was not found in module [project]/packages/db/src/index.ts [app-route] (ecmascript).
The module has no exports at all.
All exports of the module are statically known (It doesn't have dynamic exports). So it's known statically that the requested export doesn't exist.

Import trace:
  App Route:
    ./apps/web/lib/auth.ts
    ./apps/web/app/api/auth/[...all]/route.ts


./apps/web/app/api/stats/route.ts:2:1
Export users doesn't exist in target module
[0m [90m 1 |[39m [36mimport[39m { [33mNextResponse[39m } [36mfrom[39m [32m'next/server'[39m[33m;[39m
[31m[1m>[22m[39m[90m 2 |[39m [36mimport[39m { db[33m,[39m blogs[33m,[39m projects[33m,[39m users } [36mfrom[39m [32m'@/lib/db'[39m[33m;[39m
 [90m   |[39m [31m[1m^[22m[39m[31m[1m^[22m[39m[31m[1m^[22m[39m[31m[1m^[22m[39m[31m[1m^[22m[39m[31m[1m^[22m[39m[31m[1m^[22m[39m[31m[1m^[22m[39m[31m[1m^[22m[39m[31m[1m^[22m[39m[31m[1m^[22m[39m[31m[1m^[22m[39m[31m[1m^[22m[39m[31m[1m^[22m[39m[31m[1m^[22m[39m[31m[1m^[22m[39m[31m[1m^[22m[39m[31m[1m^[22m[39m[31m[1m^[22m[39m[31m[1m^[22m[39m[31m[1m^[22m[39m[31m[1m^[22m[39m[31m[1m^[22m[39m[31m[1m^[22m[39m[31m[1m^[22m[39m[31m[1m^[22m[39m[31m[1m^[22m[39m[31m[1m^[22m[39m[31m[1m^[22m[39m[31m[1m^[22m[39m[31m[1m^[22m[39m[31m[1m^[22m[39m[31m[1m^[22m[39m[31m[1m^[22m[39m[31m[1m^[22m[39m[31m[1m^[22m[39m[31m[1m^[22m[39m[31m[1m^[22m[39m[31m[1m^[22m[39m[31m[1m^[22m[39m[31m[1m^[22m[39m[31m[1m^[22m[39m[31m[1m^[22m[39m[31m[1m^[22m[39m[31m[1m^[22m[39m[31m[1m^[22m[39m[31m[1m^[22m[39m[31m[1m^[22m[39m[31m[1m^[22m[39m[31m[1m^[22m[39m[31m[1m^[22m[39m[31m[1m^[22m[39m[31m[1m^[22m[39m[31m[1m^[22m[39m
 [90m 3 |[39m [36mimport[39m { count } [36mfrom[39m [32m'drizzle-orm'[39m[33m;[39m
 [90m 4 |[39m
 [90m 5 |[39m [90m// GET /api/stats - Dashboard statistics[39m[0m

The export users was not found in module [project]/apps/web/lib/db.ts [app-route] (ecmascript).
The module has no exports at all.
All exports of the module are statically known (It doesn't have dynamic exports). So it's known statically that the requested export doesn't exist.


./apps/web/app/api/users/route.ts:2:1
Export users doesn't exist in target module
[0m [90m 1 |[39m [36mimport[39m { [33mNextResponse[39m } [36mfrom[39m [32m'next/server'[39m[33m;[39m
[31m[1m>[22m[39m[90m 2 |[39m [36mimport[39m { db[33m,[39m users } [36mfrom[39m [32m'@/lib/db'[39m[33m;[39m
 [90m   |[39m [31m[1m^[22m[39m[31m[1m^[22m[39m[31m[1m^[22m[39m[31m[1m^[22m[39m[31m[1m^[22m[39m[31m[1m^[22m[39m[31m[1m^[22m[39m[31m[1m^[22m[39m[31m[1m^[22m[39m[31m[1m^[22m[39m[31m[1m^[22m[39m[31m[1m^[22m[39m[31m[1m^[22m[39m[31m[1m^[22m[39m[31m[1m^[22m[39m[31m[1m^[22m[39m[31m[1m^[22m[39m[31m[1m^[22m[39m[31m[1m^[22m[39m[31m[1m^[22m[39m[31m[1m^[22m[39m[31m[1m^[22m[39m[31m[1m^[22m[39m[31m[1m^[22m[39m[31m[1m^[22m[39m[31m[1m^[22m[39m[31m[1m^[22m[39m[31m[1m^[22m[39m[31m[1m^[22m[39m[31m[1m^[22m[39m[31m[1m^[22m[39m[31m[1m^[22m[39m[31m[1m^[22m[39m[31m[1m^[22m[39m[31m[1m^[22m[39m[31m[1m^[22m[39m[31m[1m^[22m[39m
 [90m 3 |[39m [36mimport[39m { desc } [36mfrom[39m [32m'drizzle-orm'[39m[33m;[39m
 [90m 4 |[39m
 [90m 5 |[39m [90m// GET /api/users - List all users[39m[0m

The export users was not found in module [project]/apps/web/lib/db.ts [app-route] (ecmascript).
The module has no exports at all.
All exports of the module are statically known (It doesn't have dynamic exports). So it's known statically that the requested export doesn't exist.


./apps/web/lib/auth.ts:3:1
Export users doesn't exist in target module
[0m [90m 1 |[39m [36mimport[39m { betterAuth } [36mfrom[39m [32m"better-auth"[39m[33m;[39m
 [90m 2 |[39m [36mimport[39m { drizzleAdapter } [36mfrom[39m [32m"better-auth/adapters/drizzle"[39m[33m;[39m
[31m[1m>[22m[39m[90m 3 |[39m [36mimport[39m { db[33m,[39m users[33m,[39m sessions[33m,[39m accounts[33m,[39m verifications } [36mfrom[39m [32m"@repo/db"[39m[33m;[39m
 [90m   |[39m [31m[1m^[22m[39m[31m[1m^[22m[39m[31m[1m^[22m[39m[31m[1m^[22m[39m[31m[1m^[22m[39m[31m[1m^[22m[39m[31m[1m^[22m[39m[31m[1m^[22m[39m[31m[1m^[22m[39m[31m[1m^[22m[39m[31m[1m^[22m[39m[31m[1m^[22m[39m[31m[1m^[22m[39m[31m[1m^[22m[39m[31m[1m^[22m[39m[31m[1m^[22m[39m[31m[1m^[22m[39m[31m[1m^[22m[39m[31m[1m^[22m[39m[31m[1m^[22m[39m[31m[1m^[22m[39m[31m[1m^[22m[39m[31m[1m^[22m[39m[31m[1m^[22m[39m[31m[1m^[22m[39m[31m[1m^[22m[39m[31m[1m^[22m[39m[31m[1m^[22m[39m[31m[1m^[22m[39m[31m[1m^[22m[39m[31m[1m^[22m[39m[31m[1m^[22m[39m[31m[1m^[22m[39m[31m[1m^[22m[39m[31m[1m^[22m[39m[31m[1m^[22m[39m[31m[1m^[22m[39m[31m[1m^[22m[39m[31m[1m^[22m[39m[31m[1m^[22m[39m[31m[1m^[22m[39m[31m[1m^[22m[39m[31m[1m^[22m[39m[31m[1m^[22m[39m[31m[1m^[22m[39m[31m[1m^[22m[39m[31m[1m^[22m[39m[31m[1m^[22m[39m[31m[1m^[22m[39m[31m[1m^[22m[39m[31m[1m^[22m[39m[31m[1m^[22m[39m[31m[1m^[22m[39m[31m[1m^[22m[39m[31m[1m^[22m[39m[31m[1m^[22m[39m[31m[1m^[22m[39m[31m[1m^[22m[39m[31m[1m^[22m[39m[31m[1m^[22m[39m[31m[1m^[22m[39m[31m[1m^[22m[39m[31m[1m^[22m[39m[31m[1m^[22m[39m[31m[1m^[22m[39m[31m[1m^[22m[39m[31m[1m^[22m[39m[31m[1m^[22m[39m[31m[1m^[22m[39m[31m[1m^[22m[39m[31m[1m^[22m[39m[31m[1m^[22m[39m
 [90m 4 |[39m
 [90m 5 |[39m [90m// Determine base URL based on environment[39m
 [90m 6 |[39m [36mconst[39m getBaseURL [33m=[39m () [33m=>[39m {[0m

The export users was not found in module [project]/packages/db/src/index.ts [app-route] (ecmascript).
The module has no exports at all.
All exports of the module are statically known (It doesn't have dynamic exports). So it's known statically that the requested export doesn't exist.

Import trace:
  App Route:
    ./apps/web/lib/auth.ts
    ./apps/web/app/api/auth/[...all]/route.ts


./apps/web/lib/auth.ts:3:1
Export verifications doesn't exist in target module
[0m [90m 1 |[39m [36mimport[39m { betterAuth } [36mfrom[39m [32m"better-auth"[39m[33m;[39m
 [90m 2 |[39m [36mimport[39m { drizzleAdapter } [36mfrom[39m [32m"better-auth/adapters/drizzle"[39m[33m;[39m
[31m[1m>[22m[39m[90m 3 |[39m [36mimport[39m { db[33m,[39m users[33m,[39m sessions[33m,[39m accounts[33m,[39m verifications } [36mfrom[39m [32m"@repo/db"[39m[33m;[39m
 [90m   |[39m [31m[1m^[22m[39m[31m[1m^[22m[39m[31m[1m^[22m[39m[31m[1m^[22m[39m[31m[1m^[22m[39m[31m[1m^[22m[39m[31m[1m^[22m[39m[31m[1m^[22m[39m[31m[1m^[22m[39m[31m[1m^[22m[39m[31m[1m^[22m[39m[31m[1m^[22m[39m[31m[1m^[22m[39m[31m[1m^[22m[39m[31m[1m^[22m[39m[31m[1m^[22m[39m[31m[1m^[22m[39m[31m[1m^[22m[39m[31m[1m^[22m[39m[31m[1m^[22m[39m[31m[1m^[22m[39m[31m[1m^[22m[39m[31m[1m^[22m[39m[31m[1m^[22m[39m[31m[1m^[22m[39m[31m[1m^[22m[39m[31m[1m^[22m[39m[31m[1m^[22m[39m[31m[1m^[22m[39m[31m[1m^[22m[39m[31m[1m^[22m[39m[31m[1m^[22m[39m[31m[1m^[22m[39m[31m[1m^[22m[39m[31m[1m^[22m[39m[31m[1m^[22m[39m[31m[1m^[22m[39m[31m[1m^[22m[39m[31m[1m^[22m[39m[31m[1m^[22m[39m[31m[1m^[22m[39m[31m[1m^[22m[39m[31m[1m^[22m[39m[31m[1m^[22m[39m[31m[1m^[22m[39m[31m[1m^[22m[39m[31m[1m^[22m[39m[31m[1m^[22m[39m[31m[1m^[22m[39m[31m[1m^[22m[39m[31m[1m^[22m[39m[31m[1m^[22m[39m[31m[1m^[22m[39m[31m[1m^[22m[39m[31m[1m^[22m[39m[31m[1m^[22m[39m[31m[1m^[22m[39m[31m[1m^[22m[39m[31m[1m^[22m[39m[31m[1m^[22m[39m[31m[1m^[22m[39m[31m[1m^[22m[39m[31m[1m^[22m[39m[31m[1m^[22m[39m[31m[1m^[22m[39m[31m[1m^[22m[39m[31m[1m^[22m[39m[31m[1m^[22m[39m[31m[1m^[22m[39m[31m[1m^[22m[39m[31m[1m^[22m[39m[31m[1m^[22m[39m
 [90m 4 |[39m
 [90m 5 |[39m [90m// Determine base URL based on environment[39m
 [90m 6 |[39m [36mconst[39m getBaseURL [33m=[39m () [33m=>[39m {[0m

The export verifications was not found in module [project]/packages/db/src/index.ts [app-route] (ecmascript).
The module has no exports at all.
All exports of the module are statically known (It doesn't have dynamic exports). So it's known statically that the requested export doesn't exist.

Import trace:
  App Route:
    ./apps/web/lib/auth.ts
    ./apps/web/app/api/auth/[...all]/route.ts


    at <unknown> (./packages/db/src/index.ts:3:1)
    at <unknown> (https://nextjs.org/docs/messages/module-not-found)
    at <unknown> (./packages/db/src/index.ts:2:1)
    at <unknown> (https://nextjs.org/docs/messages/module-not-found)
    at <unknown> (./packages/db/src/index.ts:1:1)
    at <unknown> (https://nextjs.org/docs/messages/module-not-found)
    at <unknown> (./apps/web/lib/auth.ts:3:1)
    at <unknown> (./apps/web/app/api/blogs/[slug]/route.ts:2:1)
    at <unknown> (./apps/web/app/api/blogs/id/[id]/route.ts:2:1)
    at <unknown> (./apps/web/app/api/blogs/route.ts:2:1)
    at <unknown> (./apps/web/app/api/stats/route.ts:2:1)
    at <unknown> (./apps/web/app/api/blogs/[slug]/route.ts:2:1)
    at <unknown> (./apps/web/app/api/blogs/id/[id]/route.ts:2:1)
    at <unknown> (./apps/web/app/api/blogs/route.ts:2:1)
    at <unknown> (./apps/web/app/api/projects/[slug]/route.ts:2:1)
    at <unknown> (./apps/web/app/api/projects/id/[id]/route.ts:2:1)
    at <unknown> (./apps/web/app/api/projects/route.ts:2:1)
    at <unknown> (./apps/web/app/api/stats/route.ts:2:1)
    at <unknown> (./apps/web/app/api/users/route.ts:2:1)
    at <unknown> (./apps/web/lib/auth.ts:3:1)
    at <unknown> (./apps/web/app/api/projects/[slug]/route.ts:2:1)
    at <unknown> (./apps/web/app/api/projects/id/[id]/route.ts:2:1)
    at <unknown> (./apps/web/app/api/projects/route.ts:2:1)
    at <unknown> (./apps/web/app/api/stats/route.ts:2:1)
    at <unknown> (./apps/web/lib/auth.ts:3:1)
    at <unknown> (./apps/web/app/api/stats/route.ts:2:1)
    at <unknown> (./apps/web/app/api/users/route.ts:2:1)
    at <unknown> (./apps/web/lib/auth.ts:3:1)
    at <unknown> (./apps/web/lib/auth.ts:3:1)
npm error Lifecycle script `build` failed with error:
npm error code 1
npm error path C:\Users\GS-LP-003\Documents\Personal\my-portfolio-website\apps\web
npm error workspace web@0.1.0
npm error location C:\Users\GS-LP-003\Documents\Personal\my-portfolio-website\apps\web
npm error command failed
npm error command C:\WINDOWS\system32\cmd.exe /d /s /c next build
npm notice
npm notice New minor version of npm available! 11.6.2 -> 11.7.0
npm notice Changelog: https://github.com/npm/cli/releases/tag/v11.7.0
npm notice To update run: npm install -g npm@11.7.0
npm notice
