[DNS Hack] Set DNS to Cloudflare (1.1.1.1)
[DNS Hack] Resolving db.ppmplykbiwnftsrrxbuw.supabase.co...
[DNS Hack] Resolution Failed: Error: queryA ENODATA db.ppmplykbiwnftsrrxbuw.supabase.co
[DNS Hack] Set DNS to Cloudflare (1.1.1.1)
[DNS Hack] Resolving db.ppmplykbiwnftsrrxbuw.supabase.co...
[DNS Hack] Resolution Failed: Error: queryA ENODATA db.ppmplykbiwnftsrrxbuw.supabase.co
[DNS Hack] Set DNS to Cloudflare (1.1.1.1)
[DNS Hack] Resolving db.ppmplykbiwnftsrrxbuw.supabase.co...
[DNS Hack] Resolution Failed: Error: queryAny ESERVFAIL db.ppmplykbiwnftsrrxbuw.supabase.co
[DNS Hack] Set DNS to Cloudflare (1.1.1.1)
[DNS Hack] Resolving db.ppmplykbiwnftsrrxbuw.supabase.co...
[DNS Hack] Resolution Failed: Error: queryAny ESERVFAIL db.ppmplykbiwnftsrrxbuw.supabase.co
[DNS Hack] Resolving db.ppmplykbiwnftsrrxbuw.supabase.co...
[DNS Hack] Error resolving db.ppmplykbiwnftsrrxbuw.supabase.co: Error: queryAny ESERVFAIL db.ppmplykbiwnftsrrxbuw.supabase.co
[DNS Hack] Fallback to aws-0.db.ppmplykbiwnftsrrxbuw.supabase.co...
[DNS Hack] Error resolving aws-0.db.ppmplykbiwnftsrrxbuw.supabase.co: Error: queryAny ESERVFAIL aws-0.db.ppmplykbiwnftsrrxbuw.supabase.co
[DNS Hack] No IP found for any candidate. Connection may fail if local DNS is broken.
[DNS Hack] Set DNS to Google (8.8.8.8)
[DNS Hack] Resolving db.ppmplykbiwnftsrrxbuw.supabase.co...
[DNS Hack] Error resolving db.ppmplykbiwnftsrrxbuw.supabase.co: Error: queryAny ESERVFAIL db.ppmplykbiwnftsrrxbuw.supabase.co
[DNS Hack] Fallback to aws-0.db.ppmplykbiwnftsrrxbuw.supabase.co...
[DNS Hack] Error resolving aws-0.db.ppmplykbiwnftsrrxbuw.supabase.co: Error: queryAny ESERVFAIL aws-0.db.ppmplykbiwnftsrrxbuw.supabase.co
[DNS Hack] No IP found for any candidate. Connection may fail if local DNS is broken.
[DNS Shell] Looking up db.ppmplykbiwnftsrrxbuw.supabase.co...
[DNS Shell] No IPv4 for db host. Trying Root domain fallback...
[DNS Shell] Looking up ppmplykbiwnftsrrxbuw.supabase.co...
[DNS Shell] Resolved to: 172.64.149.246
[DNS Shell] Looking up db.ppmplykbiwnftsrrxbuw.supabase.co...
[DNS Shell] No IPv4 for db host. Trying Root domain fallback...
[DNS Shell] Looking up ppmplykbiwnftsrrxbuw.supabase.co...
[DNS Shell] Resolved to: 172.64.149.246
[DNS Shell] Looking up db.ppmplykbiwnftsrrxbuw.supabase.co...
[DNS Shell] No IPv4 for main host. Searching for variants...
[DNS Shell] Checking candidate: aws-0.db.ppmplykbiwnftsrrxbuw.supabase.co...
[DNS Shell] Looking up aws-0.db.ppmplykbiwnftsrrxbuw.supabase.co...
[DNS Shell] Checking candidate: aws-0.db.ppmplykbiwnftsrrxbuw.supabase.co...
[DNS Shell] Looking up aws-0.db.ppmplykbiwnftsrrxbuw.supabase.co...
[DNS Shell] Checking candidate: pooler.ppmplykbiwnftsrrxbuw.supabase.co...
[DNS Shell] Looking up pooler.ppmplykbiwnftsrrxbuw.supabase.co...
[DNS Shell] Checking candidate: ipv4.ppmplykbiwnftsrrxbuw.supabase.co...
[DNS Shell] Looking up ipv4.ppmplykbiwnftsrrxbuw.supabase.co...
[DNS Shell] Checking candidate: ppmplykbiwnftsrrxbuw.supabase.co...
[DNS Shell] Looking up ppmplykbiwnftsrrxbuw.supabase.co...
[DNS Shell] FOUND IPv4 at ppmplykbiwnftsrrxbuw.supabase.co: 172.64.149.246
[DNS Shell] Skipping root domain as likely Cloudflare proxy blocking 5432.
[DNS Shell] Failed to resolve any valid IPv4.
